Using pre-set license
Built from '2021.1/staging' branch; Version is '2021.1.19f1 (5f5eb8bbdc25) revision 6250168'; Using compiler version '192528614'; Build Type 'Release'
OS: 'Windows 10 Home; OS build 22000.318; Version 2009; 64bit' Language: 'en' Physical Memory: 32469 MB
BatchMode: 1, IsHumanControllingUs: 0, StartBugReporterOnCrash: 0, Is64bit: 1, IsPro: 0

COMMAND LINE ARGUMENTS:
C:\Program Files\Unity Hub\Editors\2021.1.19f1\Editor\Unity.exe
-adb2
-batchMode
-noUpm
-name
AssetImportWorker0
-projectPath
C:/Users/tomte/Documents/GitHub/HeistAtHighNoon_Prototype-ui
-logFile
Logs/AssetImportWorker0.log
-srvPort
52653
Successfully changed project path to: C:/Users/tomte/Documents/GitHub/HeistAtHighNoon_Prototype-ui
C:/Users/tomte/Documents/GitHub/HeistAtHighNoon_Prototype-ui
Using Asset Import Pipeline V2.
Refreshing native plugins compatible for Editor in 90.84 ms, found 4 plugins.
Preloading 0 native plugins for Editor in 0.00 ms.
Initialize engine version: 2021.1.19f1 (5f5eb8bbdc25)
[Subsystems] Discovering subsystems at path C:/Program Files/Unity Hub/Editors/2021.1.19f1/Editor/Data/Resources/UnitySubsystems
[Subsystems] Discovering subsystems at path C:/Users/tomte/Documents/GitHub/HeistAtHighNoon_Prototype-ui/Assets
GfxDevice: creating device client; threaded=0; jobified=0
Direct3D:
    Version:  Direct3D 11.0 [level 11.1]
    Renderer: NVIDIA GeForce RTX 3080 Laptop GPU (ID=0x249c)
    Vendor:   NVIDIA
    VRAM:     16202 MB
    Driver:   30.0.14.9649
Initialize mono
Mono path[0] = 'C:/Program Files/Unity Hub/Editors/2021.1.19f1/Editor/Data/Managed'
Mono path[1] = 'C:/Program Files/Unity Hub/Editors/2021.1.19f1/Editor/Data/MonoBleedingEdge/lib/mono/unityjit'
Mono config path = 'C:/Program Files/Unity Hub/Editors/2021.1.19f1/Editor/Data/MonoBleedingEdge/etc'
Using monoOptions --debugger-agent=transport=dt_socket,embedding=1,server=y,suspend=n,address=127.0.0.1:56756
Begin MonoManager ReloadAssembly
Registering precompiled unity dll's ...
Register platform support module: C:/Program Files/Unity Hub/Editors/2021.1.19f1/Editor/Data/PlaybackEngines/WindowsStandaloneSupport/UnityEditor.WindowsStandalone.Extensions.dll
Registered in 0.001052 seconds.
Native extension for WindowsStandalone target not found
Refreshing native plugins compatible for Editor in 102.14 ms, found 4 plugins.
Preloading 0 native plugins for Editor in 0.00 ms.
Mono: successfully reloaded assembly
- Completed reload, in  0.848 seconds
Domain Reload Profiling:
	ReloadAssembly (848ms)
		BeginReloadAssembly (48ms)
			ExecutionOrderSort (0ms)
			DisableScriptedObjects (0ms)
			BackupInstance (0ms)
			ReleaseScriptingObjects (0ms)
			CreateAndSetChildDomain (1ms)
		EndReloadAssembly (392ms)
			LoadAssemblies (46ms)
			RebuildTransferFunctionScriptingTraits (0ms)
			SetupTypeCache (126ms)
			ReleaseScriptCaches (0ms)
			RebuildScriptCaches (21ms)
			SetupLoadedEditorAssemblies (210ms)
				LogAssemblyErrors (0ms)
				InitializePlatformSupportModulesInManaged (5ms)
				SetLoadedEditorAssemblies (0ms)
				RefreshPlugins (102ms)
				BeforeProcessingInitializeOnLoad (1ms)
				ProcessInitializeOnLoadAttributes (78ms)
				ProcessInitializeOnLoadMethodAttributes (24ms)
				AfterProcessingInitializeOnLoad (0ms)
				EditorAssembliesLoaded (0ms)
			ExecutionOrderSort2 (0ms)
			AwakeInstancesAfterBackupRestoration (0ms)
Platform modules already initialized, skipping
Registering precompiled user dll's ...
Registered in 0.003356 seconds.
Begin MonoManager ReloadAssembly
Symbol file LoadedFromMemory doesn't match image C:\Users\tomte\Documents\GitHub\HeistAtHighNoon_Prototype-ui\Library\PackageCache\com.unity.visualscripting@1.6.1\Editor\VisualScripting.Core\Dependencies\YamlDotNet\Unity.VisualScripting.YamlDotNet.dll
Symbol file LoadedFromMemory doesn't match image C:\Users\tomte\Documents\GitHub\HeistAtHighNoon_Prototype-ui\Library\PackageCache\com.unity.visualscripting@1.6.1\Editor\VisualScripting.Core\Dependencies\DotNetZip\Unity.VisualScripting.IonicZip.dll
Native extension for WindowsStandalone target not found
Refreshing native plugins compatible for Editor in 90.17 ms, found 4 plugins.
Preloading 0 native plugins for Editor in 0.00 ms.
Mono: successfully reloaded assembly
- Completed reload, in  0.988 seconds
Domain Reload Profiling:
	ReloadAssembly (988ms)
		BeginReloadAssembly (114ms)
			ExecutionOrderSort (0ms)
			DisableScriptedObjects (4ms)
			BackupInstance (0ms)
			ReleaseScriptingObjects (0ms)
			CreateAndSetChildDomain (17ms)
		EndReloadAssembly (829ms)
			LoadAssemblies (74ms)
			RebuildTransferFunctionScriptingTraits (0ms)
			SetupTypeCache (278ms)
			ReleaseScriptCaches (1ms)
			RebuildScriptCaches (41ms)
			SetupLoadedEditorAssemblies (364ms)
				LogAssemblyErrors (0ms)
				InitializePlatformSupportModulesInManaged (3ms)
				SetLoadedEditorAssemblies (0ms)
				RefreshPlugins (90ms)
				BeforeProcessingInitializeOnLoad (77ms)
				ProcessInitializeOnLoadAttributes (176ms)
				ProcessInitializeOnLoadMethodAttributes (14ms)
				AfterProcessingInitializeOnLoad (3ms)
				EditorAssembliesLoaded (0ms)
			ExecutionOrderSort2 (0ms)
			AwakeInstancesAfterBackupRestoration (5ms)
Platform modules already initialized, skipping
========================================================================
Worker process is ready to serve import requests
Launched and connected shader compiler UnityShaderCompiler.exe after 0.02 seconds
Refreshing native plugins compatible for Editor in 0.89 ms, found 4 plugins.
Preloading 0 native plugins for Editor in 0.00 ms.
Unloading 3676 Unused Serialized files (Serialized files now loaded: 0)
System memory in use before: 156.3 MB.
System memory in use after: 156.5 MB.

Unloading 29 unused Assets to reduce memory usage. Loaded Objects now: 4151.
Total: 3.374900 ms (FindLiveObjects: 0.183300 ms CreateObjectMapping: 0.076300 ms MarkObjects: 3.087900 ms  DeleteObjects: 0.025800 ms)

AssetImportParameters requested are different than current active one (requested -> active):
  custom:framework-win-MediaFoundation: 216162199b28c13a410421893ffa2e32 -> 
  custom:video-decoder-ogg-theora: a1e56fd34408186e4bbccfd4996cb3dc -> 
  custom:container-muxer-webm: aa71ff27fc2769a1b78a27578f13a17b -> 
  custom:container-demuxer-webm: 4f35f7cbe854078d1ac9338744f61a02 -> 
  custom:container-demuxer-ogg: 62fdf1f143b41e24485cea50d1cbac27 -> 
  custom:video-encoder-webm-vp8: eb34c28f22e8b96e1ab97ce403110664 -> 
  custom:video-decoder-webm-vp8: 9c59270c3fd7afecdb556c50c9e8de78 -> 
  custom:audio-decoder-ogg-vorbis: bf7c407c2cedff20999df2af8eb42d56 -> 
  custom:audio-encoder-webm-vorbis: bf7c407c2cedff20999df2af8eb42d56 -> 
========================================================================
Received Import Request.
  path: Assets/houses_interriors.png
  artifactKey: Guid(c19f0a8b99b2ff5479afda39ad741f7b) Importer(815301076,1909f56bfc062723c751e8b465ee728b)
Start importing Assets/houses_interriors.png using Guid(c19f0a8b99b2ff5479afda39ad741f7b) Importer(815301076,1909f56bfc062723c751e8b465ee728b)  -> (artifact id: '04a7c52c1ff89ae30b1959aad97aa786') in 0.082399 seconds 
========================================================================
Received Import Request.
  Time since last request: 0.000274 seconds.
  path: Assets/passenger-wagon.png
  artifactKey: Guid(4a9d7a186235c36498c9fa69f9532c46) Importer(815301076,1909f56bfc062723c751e8b465ee728b)
Start importing Assets/passenger-wagon.png using Guid(4a9d7a186235c36498c9fa69f9532c46) Importer(815301076,1909f56bfc062723c751e8b465ee728b)  -> (artifact id: '0c317128e32e3d71f65418e0e31665d4') in 0.008308 seconds 
========================================================================
Received Import Request.
  Time since last request: 0.000189 seconds.
  path: Assets/smoke.png
  artifactKey: Guid(427fa36f1faa0ba4cb3e87aa09b62fc3) Importer(815301076,1909f56bfc062723c751e8b465ee728b)
Start importing Assets/smoke.png using Guid(427fa36f1faa0ba4cb3e87aa09b62fc3) Importer(815301076,1909f56bfc062723c751e8b465ee728b)  -> (artifact id: '3ba7f902ed25741cdd36c72a45a4e2ed') in 0.007701 seconds 
========================================================================
Received Import Request.
  Time since last request: 0.000392 seconds.
  path: Assets/sign2.png
  artifactKey: Guid(81da7beaa3a9d934592c195bc1ffde27) Importer(815301076,1909f56bfc062723c751e8b465ee728b)
Start importing Assets/sign2.png using Guid(81da7beaa3a9d934592c195bc1ffde27) Importer(815301076,1909f56bfc062723c751e8b465ee728b)  -> (artifact id: 'd10164dbe0dcd987c945d7210908897b') in 0.010839 seconds 
========================================================================
Received Import Request.
  Time since last request: 0.000334 seconds.
  path: Assets/train.png
  artifactKey: Guid(4796b85198975154e854a05a6c56c77d) Importer(815301076,1909f56bfc062723c751e8b465ee728b)
Start importing Assets/train.png using Guid(4796b85198975154e854a05a6c56c77d) Importer(815301076,1909f56bfc062723c751e8b465ee728b)  -> (artifact id: 'aeec9268f44dfbd0859fa54a71db1cb1') in 0.006307 seconds 
========================================================================
Received Import Request.
  Time since last request: 0.000138 seconds.
  path: Assets/train-coalwagon-smoke.png
  artifactKey: Guid(eeb4c53c43e59d0459ec52e1a70b1af0) Importer(815301076,1909f56bfc062723c751e8b465ee728b)
Start importing Assets/train-coalwagon-smoke.png using Guid(eeb4c53c43e59d0459ec52e1a70b1af0) Importer(815301076,1909f56bfc062723c751e8b465ee728b)  -> (artifact id: '8513111f0170f4cef0661ff015490a84') in 0.009339 seconds 
========================================================================
Received Import Request.
  Time since last request: 0.000177 seconds.
  path: Assets/coal-wagon.png
  artifactKey: Guid(a42e07136b7c02b418ea3b545b4cadce) Importer(815301076,1909f56bfc062723c751e8b465ee728b)
Start importing Assets/coal-wagon.png using Guid(a42e07136b7c02b418ea3b545b4cadce) Importer(815301076,1909f56bfc062723c751e8b465ee728b)  -> (artifact id: 'd5f02329d0955238cd13c21771de658f') in 0.008332 seconds 
========================================================================
Received Import Request.
  Time since last request: 0.000151 seconds.
  path: Assets/Desert Floort.prefab
  artifactKey: Guid(ea8641c5275f76e4da93b0ae377e11b7) Importer(815301076,1909f56bfc062723c751e8b465ee728b)
Start importing Assets/Desert Floort.prefab using Guid(ea8641c5275f76e4da93b0ae377e11b7) Importer(815301076,1909f56bfc062723c751e8b465ee728b)  -> (artifact id: '19ae644eaf8734b5bc37fa18f3f3498a') in 0.043179 seconds 
========================================================================
Received Import Request.
  Time since last request: 0.000138 seconds.
  path: Assets/houses_outside_shadows.png
  artifactKey: Guid(376a952cd67cdb74e87a63401efdff24) Importer(815301076,1909f56bfc062723c751e8b465ee728b)
Start importing Assets/houses_outside_shadows.png using Guid(376a952cd67cdb74e87a63401efdff24) Importer(815301076,1909f56bfc062723c751e8b465ee728b)  -> (artifact id: 'c9f75640344f6a5ab3d9e315aa3bbef4') in 0.013003 seconds 
========================================================================
Received Import Request.
  Time since last request: 0.000166 seconds.
  path: Assets/houses_outside.png
  artifactKey: Guid(62dd54b9724e9b849ad6ef36b2280f45) Importer(815301076,1909f56bfc062723c751e8b465ee728b)
Start importing Assets/houses_outside.png using Guid(62dd54b9724e9b849ad6ef36b2280f45) Importer(815301076,1909f56bfc062723c751e8b465ee728b)  -> (artifact id: '3020270a3aceee2a0b87cb3ee2ffd29d') in 0.011106 seconds 
========================================================================
Received Import Request.
  Time since last request: 0.000152 seconds.
  path: Assets/sign1.png
  artifactKey: Guid(6de4a83f45014274d9a1edbc1a1f3482) Importer(815301076,1909f56bfc062723c751e8b465ee728b)
Start importing Assets/sign1.png using Guid(6de4a83f45014274d9a1edbc1a1f3482) Importer(815301076,1909f56bfc062723c751e8b465ee728b)  -> (artifact id: '9f93b48ee719e3ce000e837184e30d0b') in 0.008719 seconds 
========================================================================
Received Import Request.
  Time since last request: 0.000181 seconds.
  path: Assets/passenger-wagon-connection.png
  artifactKey: Guid(44889311acd584f4ea29b79f5829628a) Importer(815301076,1909f56bfc062723c751e8b465ee728b)
Start importing Assets/passenger-wagon-connection.png using Guid(44889311acd584f4ea29b79f5829628a) Importer(815301076,1909f56bfc062723c751e8b465ee728b)  -> (artifact id: '2114b60fdda6fed7e8c98bbb3bf72cf7') in 0.011552 seconds 
========================================================================
Received Import Request.
  Time since last request: 0.000174 seconds.
  path: Assets/smallobj.png
  artifactKey: Guid(795091d4f6b1c464d944f804036dfe76) Importer(815301076,1909f56bfc062723c751e8b465ee728b)
Start importing Assets/smallobj.png using Guid(795091d4f6b1c464d944f804036dfe76) Importer(815301076,1909f56bfc062723c751e8b465ee728b)  -> (artifact id: '24883c42f0342b602382cfec8afc615f') in 0.010194 seconds 
========================================================================
Received Import Request.
  Time since last request: 0.000210 seconds.
  path: Assets/DesertObject53.png
  artifactKey: Guid(95e643b98fbe5204a90cee9b97e8aea7) Importer(815301076,1909f56bfc062723c751e8b465ee728b)
Start importing Assets/DesertObject53.png using Guid(95e643b98fbe5204a90cee9b97e8aea7) Importer(815301076,1909f56bfc062723c751e8b465ee728b)  -> (artifact id: '5997de47277ffd563de3079c5191d2f8') in 0.007839 seconds 
========================================================================
Received Import Request.
  Time since last request: 0.000193 seconds.
  path: Assets/DesertObject51.png
  artifactKey: Guid(eb7e1a34efe7b714f84e17991b81f49d) Importer(815301076,1909f56bfc062723c751e8b465ee728b)
Start importing Assets/DesertObject51.png using Guid(eb7e1a34efe7b714f84e17991b81f49d) Importer(815301076,1909f56bfc062723c751e8b465ee728b)  -> (artifact id: 'd5ccbbdbf3ed37ee7ba10ce633e3d386') in 0.009335 seconds 
========================================================================
Received Import Request.
  Time since last request: 0.000194 seconds.
  path: Assets/furnitures.png
  artifactKey: Guid(7f4f4939d4a4e4e498b422370d47777b) Importer(815301076,1909f56bfc062723c751e8b465ee728b)
Start importing Assets/furnitures.png using Guid(7f4f4939d4a4e4e498b422370d47777b) Importer(815301076,1909f56bfc062723c751e8b465ee728b)  -> (artifact id: '0ce8314b2004a6c0f77709b71f5a15b3') in 0.009337 seconds 
========================================================================
Received Import Request.
  Time since last request: 0.000478 seconds.
  path: Assets/railroad.png
  artifactKey: Guid(4e1f79db55cc2a74dbf5efd65b24da5b) Importer(815301076,1909f56bfc062723c751e8b465ee728b)
Start importing Assets/railroad.png using Guid(4e1f79db55cc2a74dbf5efd65b24da5b) Importer(815301076,1909f56bfc062723c751e8b465ee728b)  -> (artifact id: '63dc42e67c37ac5e611d19733390a9d5') in 0.006405 seconds 
========================================================================
Received Import Request.
  Time since last request: 0.000237 seconds.
  path: Assets/DesertObject52.png
  artifactKey: Guid(accf62e9c3dde7c4183b3960f7d60e55) Importer(815301076,1909f56bfc062723c751e8b465ee728b)
Start importing Assets/DesertObject52.png using Guid(accf62e9c3dde7c4183b3960f7d60e55) Importer(815301076,1909f56bfc062723c751e8b465ee728b)  -> (artifact id: '467a3af8412f8fd1c9d727662cf12599') in 0.008109 seconds 
========================================================================
Received Prepare
Registering precompiled user dll's ...
Registered in 0.002974 seconds.
Begin MonoManager ReloadAssembly
Symbol file LoadedFromMemory doesn't match image C:\Users\tomte\Documents\GitHub\HeistAtHighNoon_Prototype-ui\Library\PackageCache\com.unity.visualscripting@1.6.1\Editor\VisualScripting.Core\Dependencies\YamlDotNet\Unity.VisualScripting.YamlDotNet.dll
Symbol file LoadedFromMemory doesn't match image C:\Users\tomte\Documents\GitHub\HeistAtHighNoon_Prototype-ui\Library\PackageCache\com.unity.visualscripting@1.6.1\Editor\VisualScripting.Core\Dependencies\DotNetZip\Unity.VisualScripting.IonicZip.dll
Native extension for WindowsStandalone target not found
Refreshing native plugins compatible for Editor in 0.69 ms, found 4 plugins.
Preloading 0 native plugins for Editor in 0.00 ms.
Mono: successfully reloaded assembly
- Completed reload, in  0.849 seconds
Domain Reload Profiling:
	ReloadAssembly (849ms)
		BeginReloadAssembly (103ms)
			ExecutionOrderSort (0ms)
			DisableScriptedObjects (5ms)
			BackupInstance (0ms)
			ReleaseScriptingObjects (0ms)
			CreateAndSetChildDomain (36ms)
		EndReloadAssembly (701ms)
			LoadAssemblies (70ms)
			RebuildTransferFunctionScriptingTraits (0ms)
			SetupTypeCache (273ms)
			ReleaseScriptCaches (1ms)
			RebuildScriptCaches (34ms)
			SetupLoadedEditorAssemblies (227ms)
				LogAssemblyErrors (0ms)
				InitializePlatformSupportModulesInManaged (4ms)
				SetLoadedEditorAssemblies (0ms)
				RefreshPlugins (1ms)
				BeforeProcessingInitializeOnLoad (48ms)
				ProcessInitializeOnLoadAttributes (163ms)
				ProcessInitializeOnLoadMethodAttributes (7ms)
				AfterProcessingInitializeOnLoad (3ms)
				EditorAssembliesLoaded (0ms)
			ExecutionOrderSort2 (0ms)
			AwakeInstancesAfterBackupRestoration (13ms)
Platform modules already initialized, skipping
Refreshing native plugins compatible for Editor in 0.74 ms, found 4 plugins.
Preloading 0 native plugins for Editor in 0.00 ms.
Unloading 3683 Unused Serialized files (Serialized files now loaded: 0)
System memory in use before: 180.9 MB.
System memory in use after: 181.2 MB.

Unloading 18 unused Assets to reduce memory usage. Loaded Objects now: 4432.
Total: 2.826600 ms (FindLiveObjects: 0.217000 ms CreateObjectMapping: 0.093000 ms MarkObjects: 2.499200 ms  DeleteObjects: 0.016200 ms)

AssetImportParameters requested are different than current active one (requested -> active):
  custom:framework-win-MediaFoundation: 216162199b28c13a410421893ffa2e32 -> 
  custom:video-decoder-ogg-theora: a1e56fd34408186e4bbccfd4996cb3dc -> 
  custom:container-muxer-webm: aa71ff27fc2769a1b78a27578f13a17b -> 
  custom:container-demuxer-webm: 4f35f7cbe854078d1ac9338744f61a02 -> 
  custom:container-demuxer-ogg: 62fdf1f143b41e24485cea50d1cbac27 -> 
  custom:video-encoder-webm-vp8: eb34c28f22e8b96e1ab97ce403110664 -> 
  custom:video-decoder-webm-vp8: 9c59270c3fd7afecdb556c50c9e8de78 -> 
  custom:audio-decoder-ogg-vorbis: bf7c407c2cedff20999df2af8eb42d56 -> 
  custom:audio-encoder-webm-vorbis: bf7c407c2cedff20999df2af8eb42d56 -> 
========================================================================
Received Prepare
Registering precompiled user dll's ...
Registered in 0.003195 seconds.
Begin MonoManager ReloadAssembly
Symbol file LoadedFromMemory doesn't match image C:\Users\tomte\Documents\GitHub\HeistAtHighNoon_Prototype-ui\Library\PackageCache\com.unity.visualscripting@1.6.1\Editor\VisualScripting.Core\Dependencies\YamlDotNet\Unity.VisualScripting.YamlDotNet.dll
Symbol file LoadedFromMemory doesn't match image C:\Users\tomte\Documents\GitHub\HeistAtHighNoon_Prototype-ui\Library\PackageCache\com.unity.visualscripting@1.6.1\Editor\VisualScripting.Core\Dependencies\DotNetZip\Unity.VisualScripting.IonicZip.dll
Native extension for WindowsStandalone target not found
Refreshing native plugins compatible for Editor in 0.77 ms, found 4 plugins.
Preloading 0 native plugins for Editor in 0.00 ms.
Mono: successfully reloaded assembly
- Completed reload, in  0.816 seconds
Domain Reload Profiling:
	ReloadAssembly (816ms)
		BeginReloadAssembly (106ms)
			ExecutionOrderSort (0ms)
			DisableScriptedObjects (7ms)
			BackupInstance (0ms)
			ReleaseScriptingObjects (0ms)
			CreateAndSetChildDomain (33ms)
		EndReloadAssembly (666ms)
			LoadAssemblies (69ms)
			RebuildTransferFunctionScriptingTraits (0ms)
			SetupTypeCache (257ms)
			ReleaseScriptCaches (1ms)
			RebuildScriptCaches (34ms)
			SetupLoadedEditorAssemblies (226ms)
				LogAssemblyErrors (0ms)
				InitializePlatformSupportModulesInManaged (4ms)
				SetLoadedEditorAssemblies (1ms)
				RefreshPlugins (1ms)
				BeforeProcessingInitializeOnLoad (50ms)
				ProcessInitializeOnLoadAttributes (161ms)
				ProcessInitializeOnLoadMethodAttributes (7ms)
				AfterProcessingInitializeOnLoad (4ms)
				EditorAssembliesLoaded (0ms)
			ExecutionOrderSort2 (0ms)
			AwakeInstancesAfterBackupRestoration (13ms)
Platform modules already initialized, skipping
Refreshing native plugins compatible for Editor in 0.70 ms, found 4 plugins.
Preloading 0 native plugins for Editor in 0.00 ms.
Unloading 3666 Unused Serialized files (Serialized files now loaded: 0)
System memory in use before: 180.3 MB.
System memory in use after: 180.5 MB.

Unloading 18 unused Assets to reduce memory usage. Loaded Objects now: 4435.
Total: 2.941800 ms (FindLiveObjects: 0.217900 ms CreateObjectMapping: 0.093200 ms MarkObjects: 2.614200 ms  DeleteObjects: 0.015500 ms)

AssetImportParameters requested are different than current active one (requested -> active):
  custom:framework-win-MediaFoundation: 216162199b28c13a410421893ffa2e32 -> 
  custom:video-decoder-ogg-theora: a1e56fd34408186e4bbccfd4996cb3dc -> 
  custom:container-muxer-webm: aa71ff27fc2769a1b78a27578f13a17b -> 
  custom:container-demuxer-webm: 4f35f7cbe854078d1ac9338744f61a02 -> 
  custom:container-demuxer-ogg: 62fdf1f143b41e24485cea50d1cbac27 -> 
  custom:video-encoder-webm-vp8: eb34c28f22e8b96e1ab97ce403110664 -> 
  custom:video-decoder-webm-vp8: 9c59270c3fd7afecdb556c50c9e8de78 -> 
  custom:audio-decoder-ogg-vorbis: bf7c407c2cedff20999df2af8eb42d56 -> 
  custom:audio-encoder-webm-vorbis: bf7c407c2cedff20999df2af8eb42d56 -> 
AssetImportWorkerClient::OnTransportError - code=2 error=End of file
